e:\suburban digital\sdengine\indev\sdengine\x64\debug\vc142.pdb
e:\suburban digital\sdengine\indev\sdengine\x64\debug\vc142.idb
e:\suburban digital\sdengine\indev\sdengine\x64\debug\objloader.obj
e:\suburban digital\sdengine\indev\sdengine\x64\debug\material.obj
e:\suburban digital\sdengine\indev\sdengine\x64\debug\engine.obj
e:\suburban digital\sdengine\indev\sdengine\x64\debug\main.obj
e:\suburban digital\sdengine\indev\sdengine\x64\debug\light.obj
e:\suburban digital\sdengine\indev\sdengine\x64\debug\grid.obj
e:\suburban digital\sdengine\indev\sdengine\x64\debug\gbuffer.obj
e:\suburban digital\sdengine\indev\sdengine\x64\debug\framebufferobject.obj
e:\suburban digital\sdengine\indev\sdengine\x64\debug\faabb.obj
e:\suburban digital\sdengine\indev\sdengine\x64\debug\eyeactor.obj
e:\suburban digital\sdengine\indev\sdengine\x64\debug\entity.obj
e:\suburban digital\sdengine\indev\sdengine\x64\debug\enginestatics.obj
e:\suburban digital\sdengine\indev\sdengine\x64\debug\downsampler.obj
e:\suburban digital\sdengine\indev\sdengine\x64\debug\display.obj
e:\suburban digital\sdengine\indev\sdengine\x64\debug\dofpostprocessing.obj
e:\suburban digital\sdengine\indev\sdengine\x64\debug\defferedcompositor.obj
e:\suburban digital\sdengine\indev\sdengine\x64\debug\camera.obj
e:\suburban digital\sdengine\indev\sdengine\x64\debug\bloompostprocessing.obj
e:\suburban digital\sdengine\indev\sdengine\x64\debug\assetmanager.obj
e:\suburban digital\sdengine\indev\sdengine\x64\debug\actor.obj
e:\suburban digital\sdengine\indev\sdengine\x64\debug\world.obj
e:\suburban digital\sdengine\indev\sdengine\x64\debug\typedefenitions.obj
e:\suburban digital\sdengine\indev\sdengine\x64\debug\transform.obj
e:\suburban digital\sdengine\indev\sdengine\x64\debug\tonemapper.obj
e:\suburban digital\sdengine\indev\sdengine\x64\debug\threadmanager.obj
e:\suburban digital\sdengine\indev\sdengine\x64\debug\workerthread.obj
e:\suburban digital\sdengine\indev\sdengine\x64\debug\texture2d.obj
e:\suburban digital\sdengine\indev\sdengine\x64\debug\imageutils.obj
e:\suburban digital\sdengine\indev\sdengine\x64\debug\staticmesh.obj
e:\suburban digital\sdengine\indev\sdengine\x64\debug\ssaopostprocessing.obj
e:\suburban digital\sdengine\indev\sdengine\x64\debug\smath.obj
e:\suburban digital\sdengine\indev\sdengine\x64\debug\sasset.obj
e:\suburban digital\sdengine\indev\sdengine\x64\debug\variablegausianblur.obj
e:\suburban digital\sdengine\indev\sdengine\x64\debug\scene.obj
e:\suburban digital\sdengine\indev\sdengine\x64\debug\renderingengine.obj
e:\suburban digital\sdengine\indev\sdengine\x64\debug\postprocessinglayer.obj
e:\suburban digital\sdengine\indev\sdengine\x64\debug\shader.obj
e:\suburban digital\sdengine\indev\sdengine\x64\debug\slogger.obj
e:\suburban digital\sdengine\indev\sdengine\x64\debug\motionblurpostprocessing.obj
e:\suburban digital\sdengine\indev\sdengine\x64\debug\imgui_impl_sdl.obj
e:\suburban digital\sdengine\indev\sdengine\x64\debug\imgui.obj
e:\suburban digital\sdengine\indev\sdengine\x64\debug\imgui_impl_opengl3.obj
e:\suburban digital\sdengine\indev\sdengine\x64\debug\engineui.obj
e:\suburban digital\sdengine\indev\sdengine\x64\debug\imgui_widgets.obj
e:\suburban digital\sdengine\indev\sdengine\x64\debug\imgui_draw.obj
e:\suburban digital\sdengine\indev\sdengine\x64\debug\imgui_demo.obj
e:\suburban digital\sdengine\indev\sdengine\x64\debug\detailspanelprovider.obj
e:\suburban digital\sdengine\indev\sdengine\x64\debug\rendertarget.obj
e:\suburban digital\sdengine\indev\x64\debug\sdengine.exe
e:\suburban digital\sdengine\indev\x64\debug\sdengine.ilk
e:\suburban digital\sdengine\indev\x64\debug\sdengine.pdb
e:\suburban digital\sdengine\indev\sdengine\x64\debug\frontbufferobject.obj
e:\suburban digital\sdengine\indev\sdengine\x64\debug\defferedcompositor.obj.enc
e:\suburban digital\sdengine\indev\sdengine\x64\debug\downsampler.new.obj.enc
e:\suburban digital\sdengine\indev\sdengine\x64\debug\engine.obj.enc
e:\suburban digital\sdengine\indev\sdengine\x64\debug\light.obj.enc
e:\suburban digital\sdengine\indev\sdengine\x64\debug\ssaopostprocessing.obj.enc
e:\suburban digital\sdengine\indev\sdengine\x64\debug\staticmesh.new.obj.enc
e:\suburban digital\sdengine\indev\sdengine\x64\debug\staticmesh.obj.enc
e:\suburban digital\sdengine\indev\sdengine\x64\debug\vc141.idb
e:\suburban digital\sdengine\indev\sdengine\x64\debug\vc141.pdb
e:\suburban digital\sdengine\indev\sdengine\x64\debug\sdengine.tlog\cl.command.1.tlog
e:\suburban digital\sdengine\indev\sdengine\x64\debug\sdengine.tlog\cl.read.1.tlog
e:\suburban digital\sdengine\indev\sdengine\x64\debug\sdengine.tlog\cl.write.1.tlog
e:\suburban digital\sdengine\indev\sdengine\x64\debug\sdengine.tlog\link.command.1.tlog
e:\suburban digital\sdengine\indev\sdengine\x64\debug\sdengine.tlog\link.read.1.tlog
e:\suburban digital\sdengine\indev\sdengine\x64\debug\sdengine.tlog\link.write.1.tlog
