f:\suburban digital\sdengine\sdengine\x64\release\vc140.pdb
f:\suburban digital\sdengine\sdengine\x64\release\renderingengine.obj
f:\suburban digital\sdengine\sdengine\x64\release\postprocessinglayer.obj
f:\suburban digital\sdengine\sdengine\x64\release\objloader.obj
f:\suburban digital\sdengine\sdengine\x64\release\material.obj
f:\suburban digital\sdengine\sdengine\x64\release\main.obj
f:\suburban digital\sdengine\sdengine\x64\release\light.obj
f:\suburban digital\sdengine\sdengine\x64\release\imageutils.obj
f:\suburban digital\sdengine\sdengine\x64\release\grid.obj
f:\suburban digital\sdengine\sdengine\x64\release\gbuffer.obj
f:\suburban digital\sdengine\sdengine\x64\release\frontbufferobject.obj
f:\suburban digital\sdengine\sdengine\x64\release\eyeactor.obj
f:\suburban digital\sdengine\sdengine\x64\release\entity.obj
f:\suburban digital\sdengine\sdengine\x64\release\enginestatics.obj
f:\suburban digital\sdengine\sdengine\x64\release\engine.obj
f:\suburban digital\sdengine\sdengine\x64\release\display.obj
f:\suburban digital\sdengine\sdengine\x64\release\defferedcompositor.obj
f:\suburban digital\sdengine\sdengine\x64\release\camera.obj
f:\suburban digital\sdengine\sdengine\x64\release\bloompostprocessing.obj
f:\suburban digital\sdengine\sdengine\x64\release\assetmanager.obj
f:\suburban digital\sdengine\sdengine\x64\release\actor.obj
f:\suburban digital\sdengine\sdengine\x64\release\world.obj
f:\suburban digital\sdengine\sdengine\x64\release\typedefenitions.obj
f:\suburban digital\sdengine\sdengine\x64\release\transform.obj
f:\suburban digital\sdengine\sdengine\x64\release\tonemapper.obj
f:\suburban digital\sdengine\sdengine\x64\release\texture2d.obj
f:\suburban digital\sdengine\sdengine\x64\release\staticmesh.obj
f:\suburban digital\sdengine\sdengine\x64\release\shader.obj
f:\suburban digital\sdengine\sdengine\x64\release\ssaopostprocessing.obj
f:\suburban digital\sdengine\sdengine\x64\release\smath.obj
f:\suburban digital\sdengine\sdengine\x64\release\sasset.obj
f:\suburban digital\sdengine\sdengine\x64\release\dofpostprocessing.obj
f:\suburban digital\sdengine\sdengine\x64\release\slogger.obj
f:\suburban digital\sdengine\x64\release\sdengine.exe
f:\suburban digital\sdengine\x64\release\sdengine.ipdb
f:\suburban digital\sdengine\x64\release\sdengine.iobj
f:\suburban digital\sdengine\x64\release\sdengine.pdb
f:\suburban digital\sdengine\sdengine\x64\release\vc141.pdb
f:\suburban digital\sdengine\sdengine\x64\release\sdengine.tlog\cl.command.1.tlog
f:\suburban digital\sdengine\sdengine\x64\release\sdengine.tlog\cl.read.1.tlog
f:\suburban digital\sdengine\sdengine\x64\release\sdengine.tlog\cl.write.1.tlog
f:\suburban digital\sdengine\sdengine\x64\release\sdengine.tlog\link.command.1.tlog
f:\suburban digital\sdengine\sdengine\x64\release\sdengine.tlog\link.read.1.tlog
f:\suburban digital\sdengine\sdengine\x64\release\sdengine.tlog\link.write.1.tlog
f:\suburban digital\sdengine\sdengine\x64\release\sdengine.tlog\sdengine.write.1u.tlog
